{"C:\\Users\\avery\\My project\\MNDiscordBot\\src\\services\\artistLinks.ts": {"path":"C:\\Users\\avery\\My project\\MNDiscordBot\\src\\services\\artistLinks.ts","statementMap":{"0":{"start":{"line":30,"column":0},"end":{"line":30,"column":7}},"1":{"start":{"line":1,"column":0},"end":{"line":1,"column":26}},"2":{"start":{"line":4,"column":19},"end":{"line":4,"column":48}},"3":{"start":{"line":7,"column":13},"end":{"line":12,"column":3}},"4":{"start":{"line":31,"column":2},"end":{"line":48,"column":3}},"5":{"start":{"line":32,"column":21},"end":{"line":37,"column":null}},"6":{"start":{"line":40,"column":4},"end":{"line":40,"column":40}},"7":{"start":{"line":43,"column":4},"end":{"line":46,"column":5}},"8":{"start":{"line":44,"column":6},"end":{"line":44,"column":76}},"9":{"start":{"line":45,"column":6},"end":{"line":45,"column":35}},"10":{"start":{"line":47,"column":4},"end":{"line":47,"column":14}}},"fnMap":{"0":{"name":"fetchArtistLinksByName","decl":{"start":{"line":30,"column":22},"end":{"line":30,"column":44}},"loc":{"start":{"line":30,"column":57},"end":{"line":49,"column":1}}}},"branchMap":{"0":{"loc":{"start":{"line":40,"column":11},"end":{"line":40,"column":39}},"type":"cond-expr","locations":[{"start":{"line":40,"column":25},"end":{"line":40,"column":32}},{"start":{"line":40,"column":35},"end":{"line":40,"column":39}}]},"1":{"loc":{"start":{"line":43,"column":4},"end":{"line":46,"column":5}},"type":"if","locations":[{"start":{"line":43,"column":4},"end":{"line":46,"column":5}}]}},"s":{"0":1,"1":1,"2":1,"3":1,"4":1,"5":1,"6":0,"7":1,"8":0,"9":0,"10":1},"f":{"0":1},"b":{"0":[0,0],"1":[0]}}
,"C:\\Users\\avery\\My project\\MNDiscordBot\\src\\utils\\discord.ts": {"path":"C:\\Users\\avery\\My project\\MNDiscordBot\\src\\utils\\discord.ts","statementMap":{"0":{"start":{"line":5,"column":0},"end":{"line":5,"column":7}},"1":{"start":{"line":6,"column":2},"end":{"line":17,"column":3}},"2":{"start":{"line":7,"column":17},"end":{"line":11,"column":6}},"3":{"start":{"line":13,"column":17},"end":{"line":13,"column":50}},"4":{"start":{"line":13,"column":47},"end":{"line":13,"column":49}},"5":{"start":{"line":14,"column":4},"end":{"line":14,"column":68}},"6":{"start":{"line":16,"column":4},"end":{"line":16,"column":47}}},"fnMap":{"0":{"name":"patchOriginal","decl":{"start":{"line":5,"column":22},"end":{"line":5,"column":35}},"loc":{"start":{"line":5,"column":91},"end":{"line":18,"column":1}}},"1":{"name":"(anonymous_1)","decl":{"start":{"line":13,"column":41},"end":{"line":13,"column":44}},"loc":{"start":{"line":13,"column":47},"end":{"line":13,"column":49}}}},"branchMap":{"0":{"loc":{"start":{"line":5,"column":77},"end":{"line":5,"column":91}},"type":"default-arg","locations":[{"start":{"line":5,"column":83},"end":{"line":5,"column":91}}]}},"s":{"0":1,"1":1,"2":1,"3":1,"4":0,"5":1,"6":0},"f":{"0":1,"1":0},"b":{"0":[0]}}
,"C:\\Users\\avery\\My project\\MNDiscordBot\\src\\utils\\openai.ts": {"path":"C:\\Users\\avery\\My project\\MNDiscordBot\\src\\utils\\openai.ts","statementMap":{"0":{"start":{"line":33,"column":0},"end":{"line":33,"column":7}},"1":{"start":{"line":139,"column":0},"end":{"line":139,"column":7}},"2":{"start":{"line":173,"column":0},"end":{"line":173,"column":7}},"3":{"start":{"line":1,"column":0},"end":{"line":1,"column":23}},"4":{"start":{"line":2,"column":0},"end":{"line":2,"column":81}},"5":{"start":{"line":5,"column":15},"end":{"line":7,"column":74}},"6":{"start":{"line":10,"column":4},"end":{"line":11,"column":106}},"7":{"start":{"line":13,"column":14},"end":{"line":20,"column":4}},"8":{"start":{"line":21,"column":16},"end":{"line":21,"column":32}},"9":{"start":{"line":22,"column":2},"end":{"line":22,"column":77}},"10":{"start":{"line":30,"column":27},"end":{"line":30,"column":38}},"11":{"start":{"line":34,"column":2},"end":{"line":34,"column":51}},"12":{"start":{"line":34,"column":23},"end":{"line":34,"column":51}},"13":{"start":{"line":37,"column":22},"end":{"line":37,"column":77}},"14":{"start":{"line":37,"column":52},"end":{"line":37,"column":60}},"15":{"start":{"line":39,"column":59},"end":{"line":39,"column":61}},"16":{"start":{"line":40,"column":33},"end":{"line":40,"column":35}},"17":{"start":{"line":41,"column":19},"end":{"line":41,"column":24}},"18":{"start":{"line":43,"column":2},"end":{"line":66,"column":3}},"19":{"start":{"line":44,"column":16},"end":{"line":44,"column":51}},"20":{"start":{"line":45,"column":4},"end":{"line":45,"column":29}},"21":{"start":{"line":46,"column":4},"end":{"line":46,"column":37}},"22":{"start":{"line":46,"column":28},"end":{"line":46,"column":37}},"23":{"start":{"line":47,"column":4},"end":{"line":65,"column":5}},"24":{"start":{"line":48,"column":21},"end":{"line":48,"column":24}},"25":{"start":{"line":49,"column":19},"end":{"line":55,"column":29}},"26":{"start":{"line":57,"column":6},"end":{"line":62,"column":7}},"27":{"start":{"line":58,"column":8},"end":{"line":58,"column":49}},"28":{"start":{"line":59,"column":8},"end":{"line":59,"column":26}},"29":{"start":{"line":61,"column":8},"end":{"line":61,"column":51}},"30":{"start":{"line":64,"column":6},"end":{"line":64,"column":49}},"31":{"start":{"line":70,"column":18},"end":{"line":70,"column":20}},"32":{"start":{"line":71,"column":2},"end":{"line":71,"column":121}},"33":{"start":{"line":71,"column":87},"end":{"line":71,"column":102}},"34":{"start":{"line":73,"column":21},"end":{"line":77,"column":74}},"35":{"start":{"line":80,"column":4},"end":{"line":83,"column":100}},"36":{"start":{"line":86,"column":2},"end":{"line":106,"column":3}},"37":{"start":{"line":87,"column":16},"end":{"line":99,"column":6}},"38":{"start":{"line":101,"column":18},"end":{"line":101,"column":34}},"39":{"start":{"line":102,"column":4},"end":{"line":102,"column":79}},"40":{"start":{"line":104,"column":4},"end":{"line":104,"column":39}},"41":{"start":{"line":105,"column":4},"end":{"line":105,"column":32}},"42":{"start":{"line":109,"column":15},"end":{"line":109,"column":17}},"43":{"start":{"line":110,"column":19},"end":{"line":110,"column":44}},"44":{"start":{"line":111,"column":2},"end":{"line":133,"column":3}},"45":{"start":{"line":112,"column":16},"end":{"line":112,"column":39}},"46":{"start":{"line":113,"column":4},"end":{"line":113,"column":41}},"47":{"start":{"line":114,"column":22},"end":{"line":114,"column":41}},"48":{"start":{"line":115,"column":4},"end":{"line":126,"column":5}},"49":{"start":{"line":117,"column":22},"end":{"line":117,"column":80}},"50":{"start":{"line":118,"column":6},"end":{"line":118,"column":118}},"51":{"start":{"line":120,"column":20},"end":{"line":120,"column":29}},"52":{"start":{"line":121,"column":21},"end":{"line":121,"column":64}},"53":{"start":{"line":122,"column":6},"end":{"line":125,"column":7}},"54":{"start":{"line":123,"column":24},"end":{"line":123,"column":82}},"55":{"start":{"line":124,"column":8},"end":{"line":124,"column":153}},"56":{"start":{"line":129,"column":4},"end":{"line":132,"column":5}},"57":{"start":{"line":130,"column":22},"end":{"line":130,"column":80}},"58":{"start":{"line":131,"column":6},"end":{"line":131,"column":116}},"59":{"start":{"line":135,"column":2},"end":{"line":135,"column":23}},"60":{"start":{"line":140,"column":2},"end":{"line":140,"column":64}},"61":{"start":{"line":140,"column":23},"end":{"line":140,"column":64}},"62":{"start":{"line":143,"column":4},"end":{"line":146,"column":101}},"63":{"start":{"line":148,"column":2},"end":{"line":169,"column":3}},"64":{"start":{"line":149,"column":16},"end":{"line":161,"column":6}},"65":{"start":{"line":163,"column":18},"end":{"line":163,"column":34}},"66":{"start":{"line":164,"column":17},"end":{"line":164,"column":60}},"67":{"start":{"line":165,"column":4},"end":{"line":165,"column":53}},"68":{"start":{"line":167,"column":4},"end":{"line":167,"column":49}},"69":{"start":{"line":168,"column":4},"end":{"line":168,"column":45}},"70":{"start":{"line":174,"column":2},"end":{"line":174,"column":72}},"71":{"start":{"line":174,"column":23},"end":{"line":174,"column":72}},"72":{"start":{"line":176,"column":15},"end":{"line":176,"column":66}},"73":{"start":{"line":177,"column":2},"end":{"line":179,"column":3}},"74":{"start":{"line":178,"column":4},"end":{"line":178,"column":149}},"75":{"start":{"line":180,"column":2},"end":{"line":180,"column":92}},"76":{"start":{"line":182,"column":2},"end":{"line":203,"column":3}},"77":{"start":{"line":183,"column":16},"end":{"line":195,"column":6}},"78":{"start":{"line":197,"column":18},"end":{"line":197,"column":34}},"79":{"start":{"line":198,"column":19},"end":{"line":198,"column":62}},"80":{"start":{"line":199,"column":4},"end":{"line":199,"column":37}},"81":{"start":{"line":201,"column":4},"end":{"line":201,"column":44}},"82":{"start":{"line":202,"column":4},"end":{"line":202,"column":35}}},"fnMap":{"0":{"name":"generateGenericFactPrompt","decl":{"start":{"line":4,"column":15},"end":{"line":4,"column":40}},"loc":{"start":{"line":4,"column":71},"end":{"line":23,"column":1}}},"1":{"name":"getFunFact","decl":{"start":{"line":33,"column":22},"end":{"line":33,"column":32}},"loc":{"start":{"line":33,"column":63},"end":{"line":136,"column":1}}},"2":{"name":"(anonymous_2)","decl":{"start":{"line":37,"column":47},"end":{"line":37,"column":48}},"loc":{"start":{"line":37,"column":52},"end":{"line":37,"column":60}}},"3":{"name":"(anonymous_3)","decl":{"start":{"line":71,"column":80},"end":{"line":71,"column":81}},"loc":{"start":{"line":71,"column":87},"end":{"line":71,"column":102}}},"4":{"name":"getSongFunFact","decl":{"start":{"line":139,"column":22},"end":{"line":139,"column":36}},"loc":{"start":{"line":139,"column":59},"end":{"line":170,"column":1}}},"5":{"name":"getChatAnswer","decl":{"start":{"line":173,"column":22},"end":{"line":173,"column":35}},"loc":{"start":{"line":173,"column":72},"end":{"line":204,"column":1}}}},"branchMap":{"0":{"loc":{"start":{"line":5,"column":15},"end":{"line":7,"column":74}},"type":"cond-expr","locations":[{"start":{"line":6,"column":6},"end":{"line":6,"column":111}},{"start":{"line":7,"column":6},"end":{"line":7,"column":74}}]},"1":{"loc":{"start":{"line":22,"column":9},"end":{"line":22,"column":76}},"type":"binary-expr","locations":[{"start":{"line":22,"column":9},"end":{"line":22,"column":52}},{"start":{"line":22,"column":56},"end":{"line":22,"column":76}}]},"2":{"loc":{"start":{"line":34,"column":2},"end":{"line":34,"column":51}},"type":"if","locations":[{"start":{"line":34,"column":2},"end":{"line":34,"column":51}}]},"3":{"loc":{"start":{"line":46,"column":4},"end":{"line":46,"column":37}},"type":"if","locations":[{"start":{"line":46,"column":4},"end":{"line":46,"column":37}}]},"4":{"loc":{"start":{"line":47,"column":4},"end":{"line":65,"column":5}},"type":"if","locations":[{"start":{"line":47,"column":4},"end":{"line":65,"column":5}},{"start":{"line":63,"column":11},"end":{"line":65,"column":5}}]},"5":{"loc":{"start":{"line":49,"column":19},"end":{"line":55,"column":29}},"type":"cond-expr","locations":[{"start":{"line":50,"column":10},"end":{"line":50,"column":19}},{"start":{"line":51,"column":10},"end":{"line":55,"column":29}}]},"6":{"loc":{"start":{"line":51,"column":10},"end":{"line":55,"column":29}},"type":"cond-expr","locations":[{"start":{"line":52,"column":10},"end":{"line":52,"column":18}},{"start":{"line":53,"column":10},"end":{"line":55,"column":29}}]},"7":{"loc":{"start":{"line":53,"column":10},"end":{"line":55,"column":29}},"type":"cond-expr","locations":[{"start":{"line":54,"column":10},"end":{"line":54,"column":13}},{"start":{"line":55,"column":10},"end":{"line":55,"column":29}}]},"8":{"loc":{"start":{"line":55,"column":10},"end":{"line":55,"column":29}},"type":"binary-expr","locations":[{"start":{"line":55,"column":10},"end":{"line":55,"column":21}},{"start":{"line":55,"column":25},"end":{"line":55,"column":29}}]},"9":{"loc":{"start":{"line":57,"column":6},"end":{"line":62,"column":7}},"type":"if","locations":[{"start":{"line":57,"column":6},"end":{"line":62,"column":7}},{"start":{"line":60,"column":13},"end":{"line":62,"column":7}}]},"10":{"loc":{"start":{"line":73,"column":21},"end":{"line":77,"column":74}},"type":"cond-expr","locations":[{"start":{"line":74,"column":6},"end":{"line":76,"column":null}},{"start":{"line":77,"column":6},"end":{"line":77,"column":74}}]},"11":{"loc":{"start":{"line":102,"column":11},"end":{"line":102,"column":78}},"type":"binary-expr","locations":[{"start":{"line":102,"column":11},"end":{"line":102,"column":54}},{"start":{"line":102,"column":58},"end":{"line":102,"column":78}}]},"12":{"loc":{"start":{"line":111,"column":2},"end":{"line":133,"column":3}},"type":"if","locations":[{"start":{"line":111,"column":2},"end":{"line":133,"column":3}},{"start":{"line":127,"column":9},"end":{"line":133,"column":3}}]},"13":{"loc":{"start":{"line":115,"column":4},"end":{"line":126,"column":5}},"type":"if","locations":[{"start":{"line":115,"column":4},"end":{"line":126,"column":5}},{"start":{"line":119,"column":11},"end":{"line":126,"column":5}}]},"14":{"loc":{"start":{"line":115,"column":8},"end":{"line":115,"column":36}},"type":"binary-expr","locations":[{"start":{"line":115,"column":8},"end":{"line":115,"column":18}},{"start":{"line":115,"column":22},"end":{"line":115,"column":36}}]},"15":{"loc":{"start":{"line":117,"column":22},"end":{"line":117,"column":80}},"type":"binary-expr","locations":[{"start":{"line":117,"column":22},"end":{"line":117,"column":42}},{"start":{"line":117,"column":46},"end":{"line":117,"column":80}}]},"16":{"loc":{"start":{"line":121,"column":21},"end":{"line":121,"column":64}},"type":"binary-expr","locations":[{"start":{"line":121,"column":21},"end":{"line":121,"column":30}},{"start":{"line":121,"column":34},"end":{"line":121,"column":42}},{"start":{"line":121,"column":46},"end":{"line":121,"column":49}},{"start":{"line":121,"column":53},"end":{"line":121,"column":64}}]},"17":{"loc":{"start":{"line":122,"column":6},"end":{"line":125,"column":7}},"type":"if","locations":[{"start":{"line":122,"column":6},"end":{"line":125,"column":7}}]},"18":{"loc":{"start":{"line":123,"column":24},"end":{"line":123,"column":82}},"type":"binary-expr","locations":[{"start":{"line":123,"column":24},"end":{"line":123,"column":44}},{"start":{"line":123,"column":48},"end":{"line":123,"column":82}}]},"19":{"loc":{"start":{"line":129,"column":4},"end":{"line":132,"column":5}},"type":"if","locations":[{"start":{"line":129,"column":4},"end":{"line":132,"column":5}}]},"20":{"loc":{"start":{"line":130,"column":22},"end":{"line":130,"column":80}},"type":"binary-expr","locations":[{"start":{"line":130,"column":22},"end":{"line":130,"column":42}},{"start":{"line":130,"column":46},"end":{"line":130,"column":80}}]},"21":{"loc":{"start":{"line":140,"column":2},"end":{"line":140,"column":64}},"type":"if","locations":[{"start":{"line":140,"column":2},"end":{"line":140,"column":64}}]},"22":{"loc":{"start":{"line":165,"column":11},"end":{"line":165,"column":52}},"type":"binary-expr","locations":[{"start":{"line":165,"column":11},"end":{"line":165,"column":15}},{"start":{"line":165,"column":19},"end":{"line":165,"column":52}}]},"23":{"loc":{"start":{"line":174,"column":2},"end":{"line":174,"column":72}},"type":"if","locations":[{"start":{"line":174,"column":2},"end":{"line":174,"column":72}}]},"24":{"loc":{"start":{"line":177,"column":2},"end":{"line":179,"column":3}},"type":"if","locations":[{"start":{"line":177,"column":2},"end":{"line":179,"column":3}}]},"25":{"loc":{"start":{"line":199,"column":11},"end":{"line":199,"column":36}},"type":"binary-expr","locations":[{"start":{"line":199,"column":11},"end":{"line":199,"column":17}},{"start":{"line":199,"column":21},"end":{"line":199,"column":36}}]}},"s":{"0":1,"1":1,"2":1,"3":1,"4":1,"5":0,"6":0,"7":0,"8":0,"9":0,"10":1,"11":1,"12":0,"13":1,"14":1,"15":1,"16":1,"17":1,"18":1,"19":1,"20":0,"21":0,"22":0,"23":0,"24":0,"25":0,"26":0,"27":0,"28":0,"29":0,"30":0,"31":0,"32":0,"33":0,"34":0,"35":0,"36":0,"37":0,"38":0,"39":0,"40":0,"41":0,"42":0,"43":0,"44":0,"45":0,"46":0,"47":0,"48":0,"49":0,"50":0,"51":0,"52":0,"53":0,"54":0,"55":0,"56":0,"57":0,"58":0,"59":0,"60":1,"61":0,"62":1,"63":1,"64":1,"65":1,"66":1,"67":1,"68":0,"69":0,"70":1,"71":0,"72":1,"73":1,"74":0,"75":1,"76":1,"77":1,"78":1,"79":1,"80":1,"81":0,"82":0},"f":{"0":0,"1":1,"2":1,"3":0,"4":1,"5":1},"b":{"0":[0,0],"1":[0,0],"2":[0],"3":[0],"4":[0,0],"5":[0,0],"6":[0,0],"7":[0,0],"8":[0,0],"9":[0,0],"10":[0,0],"11":[0,0],"12":[0,0],"13":[0,0],"14":[0,0],"15":[0,0],"16":[0,0,0,0],"17":[0],"18":[0,0],"19":[0],"20":[0,0],"21":[0],"22":[1,0],"23":[0],"24":[0],"25":[1,0]}}
,"C:\\Users\\avery\\My project\\MNDiscordBot\\src\\utils\\wrapPaginator.ts": {"path":"C:\\Users\\avery\\My project\\MNDiscordBot\\src\\utils\\wrapPaginator.ts","statementMap":{"0":{"start":{"line":11,"column":0},"end":{"line":11,"column":16}},"1":{"start":{"line":3,"column":17},"end":{"line":3,"column":19}},"2":{"start":{"line":4,"column":14},"end":{"line":4,"column":22}},"3":{"start":{"line":12,"column":21},"end":{"line":12,"column":68}},"4":{"start":{"line":13,"column":19},"end":{"line":13,"column":62}},"5":{"start":{"line":14,"column":16},"end":{"line":14,"column":80}},"6":{"start":{"line":16,"column":16},"end":{"line":21,"column":4}},"7":{"start":{"line":23,"column":2},"end":{"line":23,"column":51}},"8":{"start":{"line":23,"column":24},"end":{"line":23,"column":51}},"9":{"start":{"line":25,"column":14},"end":{"line":43,"column":4}},"10":{"start":{"line":45,"column":2},"end":{"line":45,"column":48}}},"fnMap":{"0":{"name":"buildWrapPayload","decl":{"start":{"line":11,"column":16},"end":{"line":11,"column":32}},"loc":{"start":{"line":11,"column":77},"end":{"line":46,"column":1}}}},"branchMap":{"0":{"loc":{"start":{"line":18,"column":17},"end":{"line":18,"column":40}},"type":"binary-expr","locations":[{"start":{"line":18,"column":17},"end":{"line":18,"column":33}},{"start":{"line":18,"column":37},"end":{"line":18,"column":40}}]},"1":{"loc":{"start":{"line":23,"column":2},"end":{"line":23,"column":51}},"type":"if","locations":[{"start":{"line":23,"column":2},"end":{"line":23,"column":51}}]}},"s":{"0":1,"1":1,"2":1,"3":4,"4":4,"5":4,"6":4,"7":4,"8":2,"9":2,"10":2},"f":{"0":4},"b":{"0":[4,0],"1":[2]}}
}
