TN:
SF:src\listeners\messageCreate.ts
FN:6,registerMessageListener
FN:7,(anonymous_1)
FN:55,(anonymous_2)
FNF:3
FNH:2
FNDA:1,registerMessageListener
FNDA:2,(anonymous_1)
FNDA:0,(anonymous_2)
DA:1,1
DA:2,1
DA:3,1
DA:4,1
DA:6,1
DA:7,1
DA:8,2
DA:11,2
DA:12,2
DA:13,1
DA:14,1
DA:15,1
DA:16,1
DA:18,1
DA:19,1
DA:21,1
DA:22,0
DA:23,0
DA:24,0
DA:28,1
DA:29,1
DA:30,0
DA:31,0
DA:32,0
DA:33,0
DA:35,0
DA:39,1
DA:40,1
DA:42,0
DA:45,1
DA:49,1
DA:50,1
DA:54,1
DA:55,1
DA:56,1
DA:57,0
DA:58,0
DA:59,0
DA:60,0
DA:61,0
DA:63,0
DA:66,1
DA:67,1
DA:69,1
DA:70,1
DA:72,0
LF:46
LH:30
BRDA:8,0,0,0
BRDA:12,1,0,1
BRDA:12,2,0,2
BRDA:12,2,1,1
BRDA:14,3,0,1
BRDA:14,4,0,1
BRDA:14,4,1,1
BRDA:21,5,0,0
BRDA:22,6,0,0
BRDA:29,7,0,0
BRDA:33,8,0,0
BRDA:49,9,0,0
BRDA:50,10,0,0
BRDA:54,11,0,1
BRDA:54,11,1,0
BRDA:55,12,0,0
BRDA:55,12,1,0
BRDA:56,13,0,0
BRDA:57,14,0,0
BRDA:57,14,1,0
BRDA:58,15,0,0
BRDA:58,15,1,0
BRDA:59,16,0,0
BRDA:61,17,0,0
BRDA:61,18,0,0
BRDA:61,18,1,0
BRDA:63,19,0,0
BRDA:63,20,0,0
BRDA:63,20,1,0
BRDA:70,21,0,1
BRF:30
BRH:8
end_of_record
TN:
SF:src\routes\chatHook.ts
FN:9,registerChatHook
FN:10,(anonymous_1)
FNF:2
FNH:2
FNDA:1,registerChatHook
FNDA:2,(anonymous_1)
DA:3,1
DA:9,1
DA:10,1
DA:11,2
DA:12,2
DA:14,1
DA:15,1
DA:16,1
DA:17,1
LF:9
LH:9
BRDA:12,0,0,1
BRF:1
BRH:1
end_of_record
TN:
SF:src\routes\imageHook.ts
FN:12,registerImageHook
FN:13,(anonymous_1)
FN:33,(anonymous_2)
FN:34,(anonymous_3)
FN:39,(anonymous_4)
FN:97,(anonymous_5)
FN:111,(anonymous_6)
FN:112,(anonymous_7)
FN:128,(anonymous_8)
FN:128,(anonymous_9)
FN:189,(anonymous_10)
FN:190,(anonymous_11)
FN:207,(anonymous_12)
FNF:13
FNH:3
FNDA:1,registerImageHook
FNDA:3,(anonymous_1)
FNDA:1,(anonymous_2)
FNDA:0,(anonymous_3)
FNDA:0,(anonymous_4)
FNDA:0,(anonymous_5)
FNDA:0,(anonymous_6)
FNDA:0,(anonymous_7)
FNDA:0,(anonymous_8)
FNDA:0,(anonymous_9)
FNDA:0,(anonymous_10)
FNDA:0,(anonymous_11)
FNDA:0,(anonymous_12)
DA:2,1
DA:3,1
DA:4,1
DA:12,1
DA:13,1
DA:14,3
DA:17,3
DA:20,3
DA:21,3
DA:22,1
DA:25,2
DA:26,1
DA:30,1
DA:33,1
DA:34,1
DA:35,0
DA:39,1
DA:40,0
DA:41,0
DA:42,0
DA:44,0
DA:45,0
DA:53,0
DA:54,0
DA:57,1
DA:59,1
DA:65,1
DA:66,1
DA:69,1
DA:72,0
DA:73,0
DA:75,0
DA:76,0
DA:77,0
DA:78,0
DA:79,0
DA:83,0
DA:89,0
DA:90,0
DA:93,0
DA:96,0
DA:97,0
DA:100,0
DA:101,0
DA:107,0
DA:108,0
DA:110,0
DA:111,0
DA:112,0
DA:115,0
DA:116,0
DA:117,0
DA:121,0
DA:127,0
DA:128,0
DA:131,0
DA:136,0
DA:137,0
DA:139,0
DA:148,0
DA:149,0
DA:150,0
DA:153,0
DA:154,0
DA:156,0
DA:157,0
DA:158,0
DA:162,0
DA:163,0
DA:164,0
DA:165,0
DA:167,0
DA:168,0
DA:169,0
DA:170,0
DA:172,0
DA:176,0
DA:177,0
DA:178,0
DA:182,0
DA:183,0
DA:187,0
DA:188,0
DA:189,0
DA:190,0
DA:192,0
DA:193,0
DA:197,0
DA:200,0
DA:204,0
DA:207,0
DA:208,0
DA:209,0
DA:219,0
DA:221,0
DA:226,0
DA:227,0
LF:97
LH:21
BRDA:21,0,0,1
BRDA:21,1,0,3
BRDA:21,1,1,2
BRDA:25,2,0,1
BRDA:25,3,0,2
BRDA:25,3,1,1
BRDA:25,3,2,1
BRDA:53,4,0,0
BRDA:65,5,0,1
BRDA:65,6,0,1
BRDA:65,6,1,1
BRDA:75,7,0,0
BRDA:75,8,0,0
BRDA:75,8,1,0
BRDA:89,9,0,0
BRDA:97,10,0,0
BRDA:97,10,1,0
BRDA:107,11,0,0
BRDA:107,12,0,0
BRDA:107,12,1,0
BRDA:115,13,0,0
BRDA:137,14,0,0
BRDA:148,15,0,0
BRDA:156,16,0,0
BRDA:177,17,0,0
BRDA:187,18,0,0
BRDA:187,19,0,0
BRDA:187,19,1,0
BRDA:189,20,0,0
BRDA:189,20,1,0
BRDA:192,21,0,0
BRDA:219,22,0,0
BRF:32
BRH:10
end_of_record
TN:
SF:src\services\artistLinks.ts
FN:30,fetchArtistLinksByName
FNF:1
FNH:1
FNDA:3,fetchArtistLinksByName
DA:1,1
DA:4,1
DA:7,1
DA:30,1
DA:31,3
DA:32,3
DA:40,2
DA:43,1
DA:44,1
DA:45,1
DA:47,0
LF:11
LH:10
BRDA:40,0,0,1
BRDA:40,0,1,1
BRDA:43,1,0,1
BRF:3
BRH:3
end_of_record
TN:
SF:src\sessions\chat.ts
FN:15,scheduleChatTimeout
FN:22,(anonymous_1)
FNF:2
FNH:2
FNDA:1,scheduleChatTimeout
FNDA:1,(anonymous_1)
DA:7,1
DA:8,1
DA:15,1
DA:17,1
DA:18,1
DA:19,0
DA:22,1
DA:23,1
DA:24,1
DA:25,1
DA:26,1
DA:27,1
DA:28,1
DA:31,0
DA:33,1
DA:36,1
LF:16
LH:14
BRDA:18,0,0,0
BRDA:27,1,0,1
BRDA:27,2,0,1
BRDA:27,2,1,1
BRF:4
BRH:3
end_of_record
TN:
SF:src\sessions\listen.ts
FN:23,scheduleListenTimeout
FN:30,(anonymous_1)
FNF:2
FNH:2
FNDA:1,scheduleListenTimeout
FNDA:1,(anonymous_1)
DA:1,1
DA:17,1
DA:23,1
DA:24,1
DA:25,1
DA:28,1
DA:30,1
DA:32,1
DA:35,1
DA:36,1
DA:40,0
DA:43,1
DA:46,1
LF:13
LH:12
BRDA:25,0,0,0
BRDA:28,1,0,0
BRF:2
BRH:0
end_of_record
TN:
SF:src\sessions\music.ts
FN:9,scheduleMusicTimeout
FN:13,(anonymous_1)
FNF:2
FNH:2
FNDA:1,scheduleMusicTimeout
FNDA:1,(anonymous_1)
DA:7,1
DA:9,1
DA:10,1
DA:11,1
DA:12,1
DA:13,1
DA:14,1
DA:15,1
DA:17,1
LF:9
LH:9
BRDA:11,0,0,0
BRF:1
BRH:0
end_of_record
TN:
SF:src\sessions\wrap.ts
FN:6,loadWrapGuilds
FN:9,(anonymous_1)
FN:15,startWrap
FN:33,stopWrap
FN:38,isWrapped
FN:42,subscribeWrapGuilds
FN:46,(anonymous_6)
FNF:7
FNH:2
FNDA:0,loadWrapGuilds
FNDA:0,(anonymous_1)
FNDA:1,startWrap
FNDA:1,stopWrap
FNDA:0,isWrapped
FNDA:0,subscribeWrapGuilds
FNDA:0,(anonymous_6)
DA:1,1
DA:4,1
DA:6,1
DA:7,0
DA:8,0
DA:9,0
DA:11,0
DA:15,1
DA:16,1
DA:17,1
DA:18,1
DA:21,1
DA:22,0
DA:23,0
DA:25,1
DA:26,1
DA:28,0
DA:29,0
DA:33,1
DA:34,1
DA:35,1
DA:38,1
DA:39,0
DA:42,1
DA:43,0
DA:44,0
DA:47,0
DA:48,0
DA:49,0
DA:50,0
DA:51,0
DA:52,0
DA:54,0
DA:55,0
DA:56,0
DA:57,0
DA:59,0
DA:62,0
DA:63,0
DA:64,0
DA:69,0
LF:41
LH:15
BRDA:9,0,0,0
BRDA:21,1,0,0
BRDA:47,2,0,0
BRDA:47,2,1,0
BRDA:47,2,2,0
BRDA:49,3,0,0
BRDA:50,4,0,0
BRDA:62,5,0,0
BRF:8
BRH:0
end_of_record
TN:
SF:src\utils\discord.ts
FN:5,patchOriginal
FN:13,(anonymous_1)
FNF:2
FNH:1
FNDA:1,patchOriginal
FNDA:0,(anonymous_1)
DA:5,1
DA:6,1
DA:7,1
DA:13,1
DA:14,1
DA:16,0
LF:6
LH:5
BRDA:5,0,0,0
BRF:1
BRH:0
end_of_record
TN:
SF:src\utils\openai.ts
FN:4,generateGenericFactPrompt
FN:33,getFunFact
FN:37,(anonymous_2)
FN:71,(anonymous_3)
FN:139,getSongFunFact
FN:173,getChatAnswer
FNF:6
FNH:5
FNDA:0,generateGenericFactPrompt
FNDA:1,getFunFact
FNDA:1,(anonymous_2)
FNDA:1,(anonymous_3)
FNDA:1,getSongFunFact
FNDA:1,getChatAnswer
DA:1,1
DA:2,1
DA:5,0
DA:10,0
DA:13,0
DA:21,0
DA:22,0
DA:30,1
DA:33,1
DA:34,1
DA:37,1
DA:39,1
DA:40,1
DA:41,1
DA:43,1
DA:44,1
DA:45,1
DA:46,1
DA:47,1
DA:48,0
DA:49,0
DA:57,0
DA:58,0
DA:59,0
DA:61,0
DA:64,1
DA:70,1
DA:71,1
DA:73,1
DA:80,1
DA:86,1
DA:87,1
DA:101,1
DA:102,1
DA:104,0
DA:105,0
DA:109,1
DA:110,1
DA:111,1
DA:112,0
DA:113,0
DA:114,0
DA:115,0
DA:117,0
DA:118,0
DA:120,0
DA:121,0
DA:122,0
DA:123,0
DA:124,0
DA:129,1
DA:130,1
DA:131,1
DA:135,1
DA:139,1
DA:140,1
DA:143,1
DA:148,1
DA:149,1
DA:163,1
DA:164,1
DA:165,1
DA:167,0
DA:168,0
DA:173,1
DA:174,1
DA:176,1
DA:177,1
DA:178,0
DA:180,1
DA:182,1
DA:183,1
DA:197,1
DA:198,1
DA:199,1
DA:201,0
DA:202,0
LF:77
LH:48
BRDA:5,0,0,0
BRDA:5,0,1,0
BRDA:22,1,0,0
BRDA:22,1,1,0
BRDA:34,2,0,0
BRDA:46,3,0,0
BRDA:47,4,0,0
BRDA:47,4,1,1
BRDA:49,5,0,0
BRDA:49,5,1,0
BRDA:51,6,0,0
BRDA:51,6,1,0
BRDA:53,7,0,0
BRDA:53,7,1,0
BRDA:55,8,0,0
BRDA:55,8,1,0
BRDA:57,9,0,0
BRDA:57,9,1,0
BRDA:73,10,0,0
BRDA:73,10,1,1
BRDA:102,11,0,1
BRDA:102,11,1,1
BRDA:111,12,0,0
BRDA:111,12,1,1
BRDA:115,13,0,0
BRDA:115,13,1,0
BRDA:115,14,0,0
BRDA:115,14,1,0
BRDA:117,15,0,0
BRDA:117,15,1,0
BRDA:121,16,0,0
BRDA:121,16,1,0
BRDA:121,16,2,0
BRDA:121,16,3,0
BRDA:122,17,0,0
BRDA:123,18,0,0
BRDA:123,18,1,0
BRDA:129,19,0,1
BRDA:130,20,0,1
BRDA:130,20,1,1
BRDA:140,21,0,0
BRDA:165,22,0,1
BRDA:165,22,1,1
BRDA:174,23,0,0
BRDA:177,24,0,0
BRDA:199,25,0,1
BRDA:199,25,1,1
BRF:47
BRH:12
end_of_record
TN:
SF:src\utils\wrapPaginator.ts
FN:11,buildWrapPayload
FNF:1
FNH:1
FNDA:4,buildWrapPayload
DA:3,1
DA:4,1
DA:11,1
DA:12,4
DA:13,4
DA:14,4
DA:16,4
DA:23,4
DA:25,2
DA:45,2
LF:10
LH:10
BRDA:18,0,0,4
BRDA:18,0,1,0
BRDA:23,1,0,2
BRF:3
BRH:2
end_of_record
TN:
SF:src\workers\queue.ts
FN:12,enqueueImageJob
FN:14,(anonymous_2)
FN:15,(anonymous_3)
FN:18,enqueueProfileJob
FN:20,(anonymous_5)
FN:21,(anonymous_6)
FN:24,enqueueListenJob
FN:26,(anonymous_8)
FN:27,(anonymous_9)
FNF:9
FNH:3
FNDA:1,enqueueImageJob
FNDA:0,(anonymous_2)
FNDA:0,(anonymous_3)
FNDA:1,enqueueProfileJob
FNDA:0,(anonymous_5)
FNDA:0,(anonymous_6)
FNDA:1,enqueueListenJob
FNDA:0,(anonymous_8)
FNDA:0,(anonymous_9)
DA:3,1
DA:4,1
DA:5,1
DA:6,1
DA:8,1
DA:9,1
DA:10,1
DA:12,1
DA:13,1
DA:14,0
DA:15,0
DA:18,1
DA:19,1
DA:20,0
DA:21,0
DA:24,1
DA:25,1
DA:26,0
DA:27,0
LF:19
LH:13
BRF:0
BRH:0
end_of_record
